CRITICAL - 2025-04-03 18:00:22 --> ErrorException: Undefined variable $header
[Method: GET, Route: /]
in APPPATH\Views\plantilla.php on line 10.
 1 APPPATH\Views\plantilla.php(10): CodeIgniter\Debug\Exceptions->errorHandler(2, 'Undefined variable $header', 'C:\\xampp\\htdocs\\proyecto_insumos_fat\\app\\Views\\plantilla.php', 10)
 2 SYSTEMPATH\View\View.php(224): include('C:\\xampp\\htdocs\\proyecto_insumos_fat\\app\\Views\\plantilla.php')
 3 SYSTEMPATH\View\View.php(227): CodeIgniter\View\View->CodeIgniter\View\{closure}()
 4 SYSTEMPATH\Common.php(1173): CodeIgniter\View\View->render('plantilla', [], true)
 5 APPPATH\Controllers\Inicio.php(15): view('plantilla', [...])
 6 SYSTEMPATH\CodeIgniter.php(933): App\Controllers\Inicio->index()
 7 SYSTEMPATH\CodeIgniter.php(507): CodeIgniter\CodeIgniter->runController(Object(App\Controllers\Inicio))
 8 SYSTEMPATH\CodeIgniter.php(354): CodeIgniter\CodeIgniter->handleRequest(null, Object(Config\Cache), false)
 9 SYSTEMPATH\Boot.php(334): CodeIgniter\CodeIgniter->run()
10 SYSTEMPATH\Boot.php(67): CodeIgniter\Boot::runCodeIgniter(Object(CodeIgniter\CodeIgniter))
11 FCPATH\index.php(56): CodeIgniter\Boot::bootWeb(Object(Config\Paths))
CRITICAL - 2025-04-03 18:01:24 --> TypeError: App\Controllers\Inicio::index(): Return value must be of type string, none returned
[Method: GET, Route: /]
in APPPATH\Controllers\Inicio.php on line 16.
 1 SYSTEMPATH\CodeIgniter.php(933): App\Controllers\Inicio->index()
 2 SYSTEMPATH\CodeIgniter.php(507): CodeIgniter\CodeIgniter->runController(Object(App\Controllers\Inicio))
 3 SYSTEMPATH\CodeIgniter.php(354): CodeIgniter\CodeIgniter->handleRequest(null, Object(Config\Cache), false)
 4 SYSTEMPATH\Boot.php(334): CodeIgniter\CodeIgniter->run()
 5 SYSTEMPATH\Boot.php(67): CodeIgniter\Boot::runCodeIgniter(Object(CodeIgniter\CodeIgniter))
 6 FCPATH\index.php(56): CodeIgniter\Boot::bootWeb(Object(Config\Paths))
CRITICAL - 2025-04-03 18:01:25 --> TypeError: App\Controllers\Inicio::index(): Return value must be of type string, none returned
[Method: GET, Route: /]
in APPPATH\Controllers\Inicio.php on line 16.
 1 SYSTEMPATH\CodeIgniter.php(933): App\Controllers\Inicio->index()
 2 SYSTEMPATH\CodeIgniter.php(507): CodeIgniter\CodeIgniter->runController(Object(App\Controllers\Inicio))
 3 SYSTEMPATH\CodeIgniter.php(354): CodeIgniter\CodeIgniter->handleRequest(null, Object(Config\Cache), false)
 4 SYSTEMPATH\Boot.php(334): CodeIgniter\CodeIgniter->run()
 5 SYSTEMPATH\Boot.php(67): CodeIgniter\Boot::runCodeIgniter(Object(CodeIgniter\CodeIgniter))
 6 FCPATH\index.php(56): CodeIgniter\Boot::bootWeb(Object(Config\Paths))
CRITICAL - 2025-04-03 18:01:26 --> TypeError: App\Controllers\Inicio::index(): Return value must be of type string, none returned
[Method: GET, Route: /]
in APPPATH\Controllers\Inicio.php on line 16.
 1 SYSTEMPATH\CodeIgniter.php(933): App\Controllers\Inicio->index()
 2 SYSTEMPATH\CodeIgniter.php(507): CodeIgniter\CodeIgniter->runController(Object(App\Controllers\Inicio))
 3 SYSTEMPATH\CodeIgniter.php(354): CodeIgniter\CodeIgniter->handleRequest(null, Object(Config\Cache), false)
 4 SYSTEMPATH\Boot.php(334): CodeIgniter\CodeIgniter->run()
 5 SYSTEMPATH\Boot.php(67): CodeIgniter\Boot::runCodeIgniter(Object(CodeIgniter\CodeIgniter))
 6 FCPATH\index.php(56): CodeIgniter\Boot::bootWeb(Object(Config\Paths))
CRITICAL - 2025-04-03 18:01:27 --> TypeError: App\Controllers\Inicio::index(): Return value must be of type string, none returned
[Method: GET, Route: /]
in APPPATH\Controllers\Inicio.php on line 16.
 1 SYSTEMPATH\CodeIgniter.php(933): App\Controllers\Inicio->index()
 2 SYSTEMPATH\CodeIgniter.php(507): CodeIgniter\CodeIgniter->runController(Object(App\Controllers\Inicio))
 3 SYSTEMPATH\CodeIgniter.php(354): CodeIgniter\CodeIgniter->handleRequest(null, Object(Config\Cache), false)
 4 SYSTEMPATH\Boot.php(334): CodeIgniter\CodeIgniter->run()
 5 SYSTEMPATH\Boot.php(67): CodeIgniter\Boot::runCodeIgniter(Object(CodeIgniter\CodeIgniter))
 6 FCPATH\index.php(56): CodeIgniter\Boot::bootWeb(Object(Config\Paths))
