CRITICAL - 2025-04-30 14:41:36 --> CodeIgniter\View\Exceptions\ViewException: Invalid file: ".php"
[Method: GET, Route: contacto]
in SYSTEMPATH\Exceptions\FrameworkException.php on line 39.
 1 SYSTEMPATH\View\View.php(212): CodeIgniter\Exceptions\FrameworkException::forInvalidFile('.php')
 2 SYSTEMPATH\Common.php(1173): CodeIgniter\View\View->render('', [], true)
 3 APPPATH\Controllers\Contacto.php(9): view('')
 4 SYSTEMPATH\CodeIgniter.php(933): App\Controllers\Contacto->index()
 5 SYSTEMPATH\CodeIgniter.php(507): CodeIgniter\CodeIgniter->runController(Object(App\Controllers\Contacto))
 6 SYSTEMPATH\CodeIgniter.php(354): CodeIgniter\CodeIgniter->handleRequest(null, Object(Config\Cache), false)
 7 SYSTEMPATH\Boot.php(334): CodeIgniter\CodeIgniter->run()
 8 SYSTEMPATH\Boot.php(67): CodeIgniter\Boot::runCodeIgniter(Object(CodeIgniter\CodeIgniter))
 9 FCPATH\index.php(56): CodeIgniter\Boot::bootWeb(Object(Config\Paths))
CRITICAL - 2025-04-30 17:52:39 --> ErrorException: A void function must not return a value
[Method: GET, Route: en_construccion]
in APPPATH\Controllers\Construccion.php on line 9.
 1 [internal function]: CodeIgniter\Debug\Exceptions->shutdownHandler()
CRITICAL - 2025-04-30 17:53:06 --> ErrorException: Undefined variable $message
[Method: GET, Route: en_construccion]
in APPPATH\Views\en_desarrollo.php on line 76.
 1 APPPATH\Views\en_desarrollo.php(76): CodeIgniter\Debug\Exceptions->errorHandler(2, 'Undefined variable $message', 'C:\\xampp\\htdocs\\insumos_fat\\app\\Views\\en_desarrollo.php', 76)
 2 SYSTEMPATH\View\View.php(224): include('C:\\xampp\\htdocs\\insumos_fat\\app\\Views\\en_desarrollo.php')
 3 SYSTEMPATH\View\View.php(227): CodeIgniter\View\View->CodeIgniter\View\{closure}()
 4 SYSTEMPATH\Common.php(1173): CodeIgniter\View\View->render('en_desarrollo', [], true)
 5 APPPATH\Controllers\Construccion.php(9): view('en_desarrollo')
 6 SYSTEMPATH\CodeIgniter.php(933): App\Controllers\Construccion->index()
 7 SYSTEMPATH\CodeIgniter.php(507): CodeIgniter\CodeIgniter->runController(Object(App\Controllers\Construccion))
 8 SYSTEMPATH\CodeIgniter.php(354): CodeIgniter\CodeIgniter->handleRequest(null, Object(Config\Cache), false)
 9 SYSTEMPATH\Boot.php(334): CodeIgniter\CodeIgniter->run()
10 SYSTEMPATH\Boot.php(67): CodeIgniter\Boot::runCodeIgniter(Object(CodeIgniter\CodeIgniter))
11 FCPATH\index.php(56): CodeIgniter\Boot::bootWeb(Object(Config\Paths))
